Tue Apr 23 13:31:59 EDT 2019
c29b-s24.ufhpc
/home/diaz.renata/conditionalsads
[1] ".Rprofile loaded"
[1] "multiple ct RADs"
[1] 1
[1] "multiple ct RADs"
[1] 2
[1] "multiple ct RADs"
[1] 3
[1] "multiple ct RADs"
[1] 4
[1] "multiple ct RADs"
[1] 5
[1] "multiple ct RADs"
[1] 6
[1] "multiple ct RADs"
[1] 7
[1] "multiple ct RADs"
[1] 8
[1] "multiple ct RADs"
[1] 9
[1] "multiple ct RADs"
[1] 10
[1] "multiple ct RADs"
[1] 11
[1] "multiple ct RADs"
[1] 12
[1] "multiple ct RADs"
[1] 13
[1] "multiple ct RADs"
[1] 14
[1] "multiple ct RADs"
[1] 15
[1] "multiple ct RADs"
[1] 16
[1] "multiple ct RADs"
[1] 17
[1] "multiple ct RADs"
[1] 18
[1] "multiple ct RADs"
[1] 19
[1] "multiple ct RADs"
[1] 20
[1] "multiple ct RADs"
[1] 21
[1] "multiple ct RADs"
[1] 22
[1] "multiple ct RADs"
[1] 23
[1] "multiple ct RADs"
[1] 24
[1] "multiple ct RADs"
[1] 25
[1] "multiple ct RADs"
[1] 26
[1] "multiple ct RADs"
[1] 27
[1] "multiple ct RADs"
[1] 28
[1] "multiple ct RADs"
[1] 29
[1] "multiple ct RADs"
[1] 30
[1] "multiple ct RADs"
[1] 31
[1] "multiple ct RADs"
[1] 32
[1] "multiple ct RADs"
[1] 33
[1] "multiple ct RADs"
[1] 34
[1] "multiple ct RADs"
[1] 35
[1] "multiple ct RADs"
[1] 36
[1] "multiple ct RADs"
[1] 37
[1] "multiple ct RADs"
[1] 38
[1] "multiple ct RADs"
[1] 39
[1] "multiple ct RADs"
[1] 40
[1] "multiple ct RADs"
[1] 41
[1] "multiple ct RADs"
[1] 42
[1] "multiple ct RADs"
[1] 43
[1] "multiple ct RADs"
[1] 44
[1] "multiple ct RADs"
[1] 45
[1] "multiple ct RADs"
[1] 46
[1] "multiple ct RADs"
[1] 47
[1] "multiple ct RADs"
[1] 48
[1] "multiple ct RADs"
[1] 49
[1] "multiple ct RADs"
[1] 50
[1] "multiple ct RADs"
[1] 51
[1] "multiple ct RADs"
[1] 52
[1] "multiple ct RADs"
[1] 53
[1] "multiple ct RADs"
[1] 54
[1] "multiple ct RADs"
[1] 55
[1] "multiple ct RADs"
[1] 56
[1] "multiple ct RADs"
[1] 57
[1] "multiple ct RADs"
[1] 58
[1] "multiple ct RADs"
[1] 59
[1] "multiple ct RADs"
[1] 60
[1] "multiple ct RADs"
[1] 61
[1] "multiple ct RADs"
[1] 62
[1] "multiple ct RADs"
[1] 63
[1] "multiple ct RADs"
[1] 64
[1] "multiple ct RADs"
[1] 65
[1] "multiple ct RADs"
[1] 66
[1] "multiple ct RADs"
[1] 67
[1] "multiple ct RADs"
[1] 68
[1] "multiple ct RADs"
[1] 69
[1] "multiple ct RADs"
[1] 70
[1] "multiple ct RADs"
[1] 71
[1] "multiple ct RADs"
[1] 72
[1] "multiple ct RADs"
[1] 73
[1] 74
[1] "multiple ct RADs"
[1] 75
[1] "multiple ct RADs"
[1] 76
[1] "multiple ct RADs"
[1] 77
[1] "multiple ct RADs"
[1] 78
[1] "multiple ct RADs"
[1] 79
[1] "multiple ct RADs"
[1] 80
[1] "multiple ct RADs"
[1] 81
[1] "multiple ct RADs"
[1] 82
[1] "multiple ct RADs"
[1] 83
[1] "multiple ct RADs"
[1] 84
[1] "multiple ct RADs"
[1] 85
[1] "multiple ct RADs"
[1] 86
[1] "multiple ct RADs"
[1] 87
[1] "multiple ct RADs"
[1] 88
[1] "multiple ct RADs"
[1] 89
[1] "multiple ct RADs"
[1] 90
[1] "multiple ct RADs"
[1] 91
[1] "multiple ct RADs"
[1] 92
[1] "multiple ct RADs"
[1] 93
[1] "multiple ct RADs"
[1] 94
[1] "multiple ct RADs"
[1] 95
[1] "multiple ct RADs"
[1] 96
[1] "multiple ct RADs"
[1] 97
[1] "multiple ct RADs"
[1] 98
[1] "multiple ct RADs"
[1] 99
[1] "multiple ct RADs"
[1] 100
[1] "multiple ct RADs"
[1] 101
[1] "multiple ct RADs"
[1] 102
[1] "multiple ct RADs"
[1] 103
[1] "multiple ct RADs"
[1] 104
[1] "multiple ct RADs"
[1] 105
[1] "multiple ct RADs"
[1] 106
[1] "multiple ct RADs"
[1] 107
[1] "multiple ct RADs"
[1] 108
[1] "multiple ct RADs"
[1] 109
[1] "multiple ct RADs"
[1] 110
[1] "multiple ct RADs"
[1] 111
[1] "multiple ct RADs"
[1] 112
[1] "multiple ct RADs"
[1] 113
[1] "multiple ct RADs"
[1] 114
[1] "multiple ct RADs"
[1] 115
[1] "multiple ct RADs"
[1] 116
[1] "multiple ct RADs"
[1] 117
[1] "multiple ct RADs"
[1] 118
[1] "multiple ct RADs"
[1] 119
[1] "multiple ct RADs"
[1] 120
[1] "multiple ct RADs"
[1] 121
[1] "multiple ct RADs"
[1] 122
[1] "multiple ct RADs"
[1] 123
[1] "multiple ct RADs"
[1] 124
[1] "multiple ct RADs"
[1] 125
[1] "multiple ct RADs"
[1] 126
[1] "multiple ct RADs"
[1] 127
[1] "multiple ct RADs"
[1] 128
[1] "multiple ct RADs"
[1] 129
[1] "multiple ct RADs"
[1] 130
[1] "multiple ct RADs"
[1] 131
[1] "multiple ct RADs"
[1] 132
[1] "multiple ct RADs"
[1] 133
[1] "multiple ct RADs"
[1] 134
[1] "multiple ct RADs"
[1] 135
[1] "multiple ct RADs"
[1] 136
[1] "multiple ct RADs"
[1] 137
[1] "multiple ct RADs"
[1] 138
[1] "multiple ct RADs"
[1] 139
[1] "multiple ct RADs"
[1] 140
[1] "multiple ct RADs"
[1] 141
[1] "multiple ct RADs"
[1] 142
[1] "multiple ct RADs"
[1] 143
[1] "multiple ct RADs"
[1] 144
[1] "multiple ct RADs"
[1] 145
[1] "multiple ct RADs"
[1] 146
[1] "multiple ct RADs"
[1] 147
[1] "multiple ct RADs"
[1] 148
